#
# There is insufficient memory for the Java Runtime Environment to continue.
# Native memory allocation (malloc) failed to allocate 376016 bytes for Chunk::new
# Possible reasons:
#   The system is out of physical RAM or swap space
#   The process is running with CompressedOops enabled, and the Java Heap may be blocking the growth of the native heap
# Possible solutions:
#   Reduce memory load on the system
#   Increase physical memory or swap space
#   Check if swap backing store is full
#   Decrease Java heap size (-Xmx/-Xms)
#   Decrease number of Java threads
#   Decrease Java thread stack sizes (-Xss)
#   Set larger code cache with -XX:ReservedCodeCacheSize=
#   JVM is running with Unscaled Compressed Oops mode in which the Java heap is
#     placed in the first 4GB address space. The Java Heap base address is the
#     maximum limit for the native heap growth. Please use -XX:HeapBaseMinAddress
#     to set the Java Heap base and to place the Java Heap above 4GB virtual address.
# This output file may be truncated or incomplete.
#
#  Out of Memory Error (arena.cpp:189), pid=11028, tid=26256
#
# JRE version: Java(TM) SE Runtime Environment (17.0.9+11) (build 17.0.9+11-LTS-201)
# Java VM: Java HotSpot(TM) 64-Bit Server VM (17.0.9+11-LTS-201, mixed mode, sharing, tiered, compressed oops, compressed class ptrs, g1 gc, windows-amd64)
# No core dump will be written. Minidumps are not enabled by default on client versions of Windows
#

---------------  S U M M A R Y ------------

Command Line: -Xmx64m -Xms64m -Dorg.gradle.appname=gradlew org.gradle.wrapper.GradleWrapperMain app:installDebug -PreactNativeDevServerPort=8081

Host: AMD Ryzen 5 5500U with Radeon Graphics         , 12 cores, 7G,  Windows 11 , 64 bit Build 22000 (10.0.22000.2538)
Time: Tue Jan 30 23:29:01 2024 India Standard Time elapsed time: 0.740225 seconds (0d 0h 0m 0s)

---------------  T H R E A D  ---------------

Current thread (0x000001c8332bac50):  JavaThread "C2 CompilerThread0" daemon [_thread_in_native, id=26256, stack(0x0000007dadf00000,0x0000007dae000000)]


Current CompileTask:
C2:    740  674       4       java.io.WinNTFileSystem::normalize (143 bytes)

Stack: [0x0000007dadf00000,0x0000007dae000000]
Native frames: (J=compiled Java code, j=interpreted, Vv=VM code, C=native code)
V  [jvm.dll+0x678a4a]
V  [jvm.dll+0x7d9cfd]
V  [jvm.dll+0x7db60e]
V  [jvm.dll+0x7dbc73]
V  [jvm.dll+0x245e1f]
V  [jvm.dll+0xaaafb]
V  [jvm.dll+0xab09c]
V  [jvm.dll+0x36232f]
V  [jvm.dll+0x32ca01]
V  [jvm.dll+0x32be9a]
V  [jvm.dll+0x21812f]
V  [jvm.dll+0x217561]
V  [jvm.dll+0x1a3bc0]
V  [jvm.dll+0x2272de]
V  [jvm.dll+0x22548b]
V  [jvm.dll+0x78f58c]
V  [jvm.dll+0x78998a]
V  [jvm.dll+0x677875]
C  [ucrtbase.dll+0x26c0c]
C  [KERNEL32.DLL+0x153e0]
C  [ntdll.dll+0x485b]


---------------  P R O C E S S  ---------------

Threads class SMR info:
_java_thread_list=0x000001c89204dc90, length=12, elements={
0x000001c8331e5ae0, 0x000001c833299d40, 0x000001c83329abc0, 0x000001c8332af830,
0x000001c8332b1200, 0x000001c8332b1bc0, 0x000001c8332b2580, 0x000001c8332bac50,
0x000001c8332bba50, 0x000001c8332bd370, 0x000001c892073cd0, 0x000001c8920783a0
}

Java Threads: ( => current thread )
  0x000001c8331e5ae0 JavaThread "main" [_thread_in_Java, id=8164, stack(0x0000007dad200000,0x0000007dad300000)]
  0x000001c833299d40 JavaThread "Reference Handler" daemon [_thread_blocked, id=23380, stack(0x0000007dad900000,0x0000007dada00000)]
  0x000001c83329abc0 JavaThread "Finalizer" daemon [_thread_blocked, id=23164, stack(0x0000007dada00000,0x0000007dadb00000)]
  0x000001c8332af830 JavaThread "Signal Dispatcher" daemon [_thread_blocked, id=9896, stack(0x0000007dadb00000,0x0000007dadc00000)]
  0x000001c8332b1200 JavaThread "Attach Listener" daemon [_thread_blocked, id=604, stack(0x0000007dadc00000,0x0000007dadd00000)]
  0x000001c8332b1bc0 JavaThread "Service Thread" daemon [_thread_blocked, id=27012, stack(0x0000007dadd00000,0x0000007dade00000)]
  0x000001c8332b2580 JavaThread "Monitor Deflation Thread" daemon [_thread_blocked, id=20680, stack(0x0000007dade00000,0x0000007dadf00000)]
=>0x000001c8332bac50 JavaThread "C2 CompilerThread0" daemon [_thread_in_native, id=26256, stack(0x0000007dadf00000,0x0000007dae000000)]
  0x000001c8332bba50 JavaThread "C1 CompilerThread0" daemon [_thread_in_native, id=17796, stack(0x0000007dae000000,0x0000007dae100000)]
  0x000001c8332bd370 JavaThread "Sweeper thread" daemon [_thread_blocked, id=24152, stack(0x0000007dae100000,0x0000007dae200000)]
  0x000001c892073cd0 JavaThread "Notification Thread" daemon [_thread_blocked, id=22368, stack(0x0000007dae200000,0x0000007dae300000)]
  0x000001c8920783a0 JavaThread "Common-Cleaner" daemon [_thread_blocked, id=4560, stack(0x0000007dae400000,0x0000007dae500000)]

Other Threads:
  0x000001c833292d20 VMThread "VM Thread" [stack: 0x0000007dad800000,0x0000007dad900000] [id=2232]
  0x000001c8332143a0 WatcherThread [stack: 0x0000007dae300000,0x0000007dae400000] [id=15792]
  0x000001c83320ba40 GCTaskThread "GC Thread#0" [stack: 0x0000007dad300000,0x0000007dad400000] [id=27304]
  0x000001c83320d190 ConcurrentGCThread "G1 Main Marker" [stack: 0x0000007dad400000,0x0000007dad500000] [id=27456]
  0x000001c83320dba0 ConcurrentGCThread "G1 Conc#0" [stack: 0x0000007dad500000,0x0000007dad600000] [id=160]
  0x000001c833275140 ConcurrentGCThread "G1 Refine#0" [stack: 0x0000007dad600000,0x0000007dad700000] [id=25332]
  0x000001c833275b70 ConcurrentGCThread "G1 Service" [stack: 0x0000007dad700000,0x0000007dad800000] [id=3200]

Threads with active compile tasks:
C2 CompilerThread0      759  674       4       java.io.WinNTFileSystem::normalize (143 bytes)
C1 CompilerThread0      759  697   !   3       java.lang.ClassLoader::loadClass (121 bytes)

VM state: not at safepoint (normal execution)

VM Mutex/Monitor currently owned by a thread: None

Heap address: 0x00000000fc000000, size: 64 MB, Compressed Oops mode: 32-bit

CDS archive(s) mapped at: [0x000001c84d000000-0x000001c84dbd0000-0x000001c84dbd0000), size 12386304, SharedBaseAddress: 0x000001c84d000000, ArchiveRelocationMode: 1.
Compressed class space mapped at: 0x000001c84e000000-0x000001c88e000000, reserved size: 1073741824
Narrow klass base: 0x000001c84d000000, Narrow klass shift: 0, Narrow klass range: 0x100000000

GC Precious Log:
 CPUs: 12 total, 12 available
 Memory: 7577M
 Large Page Support: Disabled
 NUMA Support: Disabled
 Compressed Oops: Enabled (32-bit)
 Heap Region Size: 1M
 Heap Min Capacity: 64M
 Heap Initial Capacity: 64M
 Heap Max Capacity: 64M
 Pre-touch: Disabled
 Parallel Workers: 10
 Concurrent Workers: 3
 Concurrent Refinement Workers: 10
 Periodic GC: Disabled

Heap:
 garbage-first heap   total 65536K, used 21504K [0x00000000fc000000, 0x0000000100000000)
  region size 1024K, 19 young (19456K), 0 survivors (0K)
 Metaspace       used 2306K, committed 2432K, reserved 1114112K
  class space    used 230K, committed 256K, reserved 1048576K

Heap Regions: E=young(eden), S=young(survivor), O=old, HS=humongous(starts), HC=humongous(continues), CS=collection set, F=free, OA=open archive, CA=closed archive, TAMS=top-at-mark-start (previous, next)
|   0|0x00000000fc000000, 0x00000000fc100000, 0x00000000fc100000|100%|HS|  |TAMS 0x00000000fc000000, 0x00000000fc000000| Complete 
|   1|0x00000000fc100000, 0x00000000fc200000, 0x00000000fc200000|100%|HC|  |TAMS 0x00000000fc100000, 0x00000000fc100000| Complete 
|   2|0x00000000fc200000, 0x00000000fc300000, 0x00000000fc300000|100%|HC|  |TAMS 0x00000000fc200000, 0x00000000fc200000| Complete 
|   3|0x00000000fc300000, 0x00000000fc400000, 0x00000000fc400000|100%|HC|  |TAMS 0x00000000fc300000, 0x00000000fc300000| Complete 
|   4|0x00000000fc400000, 0x00000000fc400000, 0x00000000fc500000|  0%| F|  |TAMS 0x00000000fc400000, 0x00000000fc400000| Untracked 
|   5|0x00000000fc500000, 0x00000000fc500000, 0x00000000fc600000|  0%| F|  |TAMS 0x00000000fc500000, 0x00000000fc500000| Untracked 
|   6|0x00000000fc600000, 0x00000000fc600000, 0x00000000fc700000|  0%| F|  |TAMS 0x00000000fc600000, 0x00000000fc600000| Untracked 
|   7|0x00000000fc700000, 0x00000000fc700000, 0x00000000fc800000|  0%| F|  |TAMS 0x00000000fc700000, 0x00000000fc700000| Untracked 
|   8|0x00000000fc800000, 0x00000000fc800000, 0x00000000fc900000|  0%| F|  |TAMS 0x00000000fc800000, 0x00000000fc800000| Untracked 
|   9|0x00000000fc900000, 0x00000000fc900000, 0x00000000fca00000|  0%| F|  |TAMS 0x00000000fc900000, 0x00000000fc900000| Untracked 
|  10|0x00000000fca00000, 0x00000000fca00000, 0x00000000fcb00000|  0%| F|  |TAMS 0x00000000fca00000, 0x00000000fca00000| Untracked 
|  11|0x00000000fcb00000, 0x00000000fcb00000, 0x00000000fcc00000|  0%| F|  |TAMS 0x00000000fcb00000, 0x00000000fcb00000| Untracked 
|  12|0x00000000fcc00000, 0x00000000fcc00000, 0x00000000fcd00000|  0%| F|  |TAMS 0x00000000fcc00000, 0x00000000fcc00000| Untracked 
|  13|0x00000000fcd00000, 0x00000000fcd00000, 0x00000000fce00000|  0%| F|  |TAMS 0x00000000fcd00000, 0x00000000fcd00000| Untracked 
|  14|0x00000000fce00000, 0x00000000fce00000, 0x00000000fcf00000|  0%| F|  |TAMS 0x00000000fce00000, 0x00000000fce00000| Untracked 
|  15|0x00000000fcf00000, 0x00000000fcf00000, 0x00000000fd000000|  0%| F|  |TAMS 0x00000000fcf00000, 0x00000000fcf00000| Untracked 
|  16|0x00000000fd000000, 0x00000000fd000000, 0x00000000fd100000|  0%| F|  |TAMS 0x00000000fd000000, 0x00000000fd000000| Untracked 
|  17|0x00000000fd100000, 0x00000000fd100000, 0x00000000fd200000|  0%| F|  |TAMS 0x00000000fd100000, 0x00000000fd100000| Untracked 
|  18|0x00000000fd200000, 0x00000000fd200000, 0x00000000fd300000|  0%| F|  |TAMS 0x00000000fd200000, 0x00000000fd200000| Untracked 
|  19|0x00000000fd300000, 0x00000000fd300000, 0x00000000fd400000|  0%| F|  |TAMS 0x00000000fd300000, 0x00000000fd300000| Untracked 
|  20|0x00000000fd400000, 0x00000000fd400000, 0x00000000fd500000|  0%| F|  |TAMS 0x00000000fd400000, 0x00000000fd400000| Untracked 
|  21|0x00000000fd500000, 0x00000000fd500000, 0x00000000fd600000|  0%| F|  |TAMS 0x00000000fd500000, 0x00000000fd500000| Untracked 
|  22|0x00000000fd600000, 0x00000000fd600000, 0x00000000fd700000|  0%| F|  |TAMS 0x00000000fd600000, 0x00000000fd600000| Untracked 
|  23|0x00000000fd700000, 0x00000000fd700000, 0x00000000fd800000|  0%| F|  |TAMS 0x00000000fd700000, 0x00000000fd700000| Untracked 
|  24|0x00000000fd800000, 0x00000000fd800000, 0x00000000fd900000|  0%| F|  |TAMS 0x00000000fd800000, 0x00000000fd800000| Untracked 
|  25|0x00000000fd900000, 0x00000000fd900000, 0x00000000fda00000|  0%| F|  |TAMS 0x00000000fd900000, 0x00000000fd900000| Untracked 
|  26|0x00000000fda00000, 0x00000000fda00000, 0x00000000fdb00000|  0%| F|  |TAMS 0x00000000fda00000, 0x00000000fda00000| Untracked 
|  27|0x00000000fdb00000, 0x00000000fdb00000, 0x00000000fdc00000|  0%| F|  |TAMS 0x00000000fdb00000, 0x00000000fdb00000| Untracked 
|  28|0x00000000fdc00000, 0x00000000fdc00000, 0x00000000fdd00000|  0%| F|  |TAMS 0x00000000fdc00000, 0x00000000fdc00000| Untracked 
|  29|0x00000000fdd00000, 0x00000000fdd00000, 0x00000000fde00000|  0%| F|  |TAMS 0x00000000fdd00000, 0x00000000fdd00000| Untracked 
|  30|0x00000000fde00000, 0x00000000fde00000, 0x00000000fdf00000|  0%| F|  |TAMS 0x00000000fde00000, 0x00000000fde00000| Untracked 
|  31|0x00000000fdf00000, 0x00000000fdf00000, 0x00000000fe000000|  0%| F|  |TAMS 0x00000000fdf00000, 0x00000000fdf00000| Untracked 
|  32|0x00000000fe000000, 0x00000000fe000000, 0x00000000fe100000|  0%| F|  |TAMS 0x00000000fe000000, 0x00000000fe000000| Untracked 
|  33|0x00000000fe100000, 0x00000000fe100000, 0x00000000fe200000|  0%| F|  |TAMS 0x00000000fe100000, 0x00000000fe100000| Untracked 
|  34|0x00000000fe200000, 0x00000000fe200000, 0x00000000fe300000|  0%| F|  |TAMS 0x00000000fe200000, 0x00000000fe200000| Untracked 
|  35|0x00000000fe300000, 0x00000000fe300000, 0x00000000fe400000|  0%| F|  |TAMS 0x00000000fe300000, 0x00000000fe300000| Untracked 
|  36|0x00000000fe400000, 0x00000000fe400000, 0x00000000fe500000|  0%| F|  |TAMS 0x00000000fe400000, 0x00000000fe400000| Untracked 
|  37|0x00000000fe500000, 0x00000000fe500000, 0x00000000fe600000|  0%| F|  |TAMS 0x00000000fe500000, 0x00000000fe500000| Untracked 
|  38|0x00000000fe600000, 0x00000000fe600000, 0x00000000fe700000|  0%| F|  |TAMS 0x00000000fe600000, 0x00000000fe600000| Untracked 
|  39|0x00000000fe700000, 0x00000000fe700000, 0x00000000fe800000|  0%| F|  |TAMS 0x00000000fe700000, 0x00000000fe700000| Untracked 
|  40|0x00000000fe800000, 0x00000000fe800000, 0x00000000fe900000|  0%| F|  |TAMS 0x00000000fe800000, 0x00000000fe800000| Untracked 
|  41|0x00000000fe900000, 0x00000000fe900000, 0x00000000fea00000|  0%| F|  |TAMS 0x00000000fe900000, 0x00000000fe900000| Untracked 
|  42|0x00000000fea00000, 0x00000000fea00000, 0x00000000feb00000|  0%| F|  |TAMS 0x00000000fea00000, 0x00000000fea00000| Untracked 
|  43|0x00000000feb00000, 0x00000000feb00000, 0x00000000fec00000|  0%| F|  |TAMS 0x00000000feb00000, 0x00000000feb00000| Untracked 
|  44|0x00000000fec00000, 0x00000000fec00000, 0x00000000fed00000|  0%| F|  |TAMS 0x00000000fec00000, 0x00000000fec00000| Untracked 
|  45|0x00000000fed00000, 0x00000000fedfd4a0, 0x00000000fee00000| 98%| E|  |TAMS 0x00000000fed00000, 0x00000000fed00000| Complete 
|  46|0x00000000fee00000, 0x00000000fef00000, 0x00000000fef00000|100%| E|CS|TAMS 0x00000000fee00000, 0x00000000fee00000| Complete 
|  47|0x00000000fef00000, 0x00000000ff000000, 0x00000000ff000000|100%| E|CS|TAMS 0x00000000fef00000, 0x00000000fef00000| Complete 
|  48|0x00000000ff000000, 0x00000000ff100000, 0x00000000ff100000|100%| E|CS|TAMS 0x00000000ff000000, 0x00000000ff000000| Complete 
|  49|0x00000000ff100000, 0x00000000ff200000, 0x00000000ff200000|100%| E|CS|TAMS 0x00000000ff100000, 0x00000000ff100000| Complete 
|  50|0x00000000ff200000, 0x00000000ff300000, 0x00000000ff300000|100%| E|CS|TAMS 0x00000000ff200000, 0x00000000ff200000| Complete 
|  51|0x00000000ff300000, 0x00000000ff400000, 0x00000000ff400000|100%| E|  |TAMS 0x00000000ff300000, 0x00000000ff300000| Complete 
|  52|0x00000000ff400000, 0x00000000ff500000, 0x00000000ff500000|100%| E|CS|TAMS 0x00000000ff400000, 0x00000000ff400000| Complete 
|  53|0x00000000ff500000, 0x00000000ff600000, 0x00000000ff600000|100%| E|CS|TAMS 0x00000000ff500000, 0x00000000ff500000| Complete 
|  54|0x00000000ff600000, 0x00000000ff700000, 0x00000000ff700000|100%| E|CS|TAMS 0x00000000ff600000, 0x00000000ff600000| Complete 
|  55|0x00000000ff700000, 0x00000000ff800000, 0x00000000ff800000|100%| E|CS|TAMS 0x00000000ff700000, 0x00000000ff700000| Complete 
|  56|0x00000000ff800000, 0x00000000ff900000, 0x00000000ff900000|100%| E|CS|TAMS 0x00000000ff800000, 0x00000000ff800000| Complete 
|  57|0x00000000ff900000, 0x00000000ffa00000, 0x00000000ffa00000|100%| E|CS|TAMS 0x00000000ff900000, 0x00000000ff900000| Complete 
|  58|0x00000000ffa00000, 0x00000000ffb00000, 0x00000000ffb00000|100%| E|CS|TAMS 0x00000000ffa00000, 0x00000000ffa00000| Complete 
|  59|0x00000000ffb00000, 0x00000000ffc00000, 0x00000000ffc00000|100%| E|CS|TAMS 0x00000000ffb00000, 0x00000000ffb00000| Complete 
|  60|0x00000000ffc00000, 0x00000000ffd00000, 0x00000000ffd00000|100%| E|CS|TAMS 0x00000000ffc00000, 0x00000000ffc00000| Complete 
|  61|0x00000000ffd00000, 0x00000000ffe00000, 0x00000000ffe00000|100%| E|CS|TAMS 0x00000000ffd00000, 0x00000000ffd00000| Complete 
|  62|0x00000000ffe00000, 0x00000000fff00000, 0x00000000fff00000|100%| E|CS|TAMS 0x00000000ffe00000, 0x00000000ffe00000| Complete 
|  63|0x00000000fff00000, 0x0000000100000000, 0x0000000100000000|100%| E|CS|TAMS 0x00000000fff00000, 0x00000000fff00000| Complete 

Card table byte_map: [0x000001c8311b0000,0x000001c8311d0000] _byte_map_base: 0x000001c8309d0000

Marking Bits (Prev, Next): (CMBitMap*) 0x000001c83320c060, (CMBitMap*) 0x000001c83320c0a0
 Prev Bits: [0x000001c849fe0000, 0x000001c84a0e0000)
 Next Bits: [0x000001c84a0e0000, 0x000001c84a1e0000)

Polling page: 0x000001c831160000

Metaspace:

Usage:
  Non-class:      2.05 MB used.
      Class:    233.88 KB used.
       Both:      2.28 MB used.

Virtual space:
  Non-class space:       64.00 MB reserved,       2.19 MB (  3%) committed,  1 nodes.
      Class space:        1.00 GB reserved,     256.00 KB ( <1%) committed,  1 nodes.
             Both:        1.06 GB reserved,       2.44 MB ( <1%) committed. 

Chunk freelists:
   Non-Class:  11.42 MB
       Class:  15.62 MB
        Both:  27.05 MB

MaxMetaspaceSize: unlimited
CompressedClassSpaceSize: 1.00 GB
Initial GC threshold: 21.00 MB
Current GC threshold: 21.00 MB
CDS: on
MetaspaceReclaimPolicy: balanced
 - commit_granule_bytes: 65536.
 - commit_granule_words: 8192.
 - virtual_space_node_default_size: 8388608.
 - enlarge_chunks_in_place: 1.
 - new_chunks_are_fully_committed: 0.
 - uncommit_free_chunks: 1.
 - use_allocation_guard: 0.
 - handle_deallocations: 1.


Internal statistics:

num_allocs_failed_limit: 0.
num_arena_births: 14.
num_arena_deaths: 0.
num_vsnodes_births: 2.
num_vsnodes_deaths: 0.
num_space_committed: 39.
num_space_uncommitted: 0.
num_chunks_returned_to_freelist: 0.
num_chunks_taken_from_freelist: 59.
num_chunk_merges: 0.
num_chunk_splits: 36.
num_chunks_enlarged: 31.
num_inconsistent_stats: 0.

CodeHeap 'non-profiled nmethods': size=120000Kb used=226Kb max_used=226Kb free=119773Kb
 bounds [0x000001c842560000, 0x000001c8427d0000, 0x000001c849a90000]
CodeHeap 'profiled nmethods': size=120000Kb used=1271Kb max_used=1271Kb free=118728Kb
 bounds [0x000001c83aa90000, 0x000001c83ad00000, 0x000001c841fc0000]
CodeHeap 'non-nmethods': size=5760Kb used=1122Kb max_used=1140Kb free=4637Kb
 bounds [0x000001c841fc0000, 0x000001c842230000, 0x000001c842560000]
 total_blobs=1102 nmethods=698 adapters=317
 compilation: enabled
              stopped_count=0, restarted_count=0
 full_count=0

Compilation events (20 events):
Event: 0.723 Thread 0x000001c8332bba50  672       3       java.util.Objects::checkFromIndexSize (8 bytes)
Event: 0.724 Thread 0x000001c8332bba50 nmethod 672 0x000001c83abb9b90 code [0x000001c83abb9d40, 0x000001c83abb9f68]
Event: 0.724 Thread 0x000001c8332bba50  673       3       jdk.internal.util.Preconditions::checkFromIndexSize (25 bytes)
Event: 0.724 Thread 0x000001c8332bba50 nmethod 673 0x000001c83abba090 code [0x000001c83abba240, 0x000001c83abba408]
Event: 0.725 Thread 0x000001c8332bac50  674       4       java.io.WinNTFileSystem::normalize (143 bytes)
Event: 0.725 Thread 0x000001c8332bba50  676       3       jdk.internal.misc.VM::initLevel (4 bytes)
Event: 0.725 Thread 0x000001c8332bba50 nmethod 676 0x000001c83abba510 code [0x000001c83abba6a0, 0x000001c83abba798]
Event: 0.725 Thread 0x000001c8332bba50  678       3       sun.nio.fs.NativeBuffers::releaseNativeBuffer (97 bytes)
Event: 0.726 Thread 0x000001c8332bba50 nmethod 678 0x000001c83abba810 code [0x000001c83abbab00, 0x000001c83abbbe38]
Event: 0.726 Thread 0x000001c8332bba50  677       3       sun.nio.fs.NativeBuffer::release (5 bytes)
Event: 0.726 Thread 0x000001c8332bba50 nmethod 677 0x000001c83abbc390 code [0x000001c83abbc520, 0x000001c83abbc648]
Event: 0.726 Thread 0x000001c8332bba50  675       3       jdk.internal.misc.VM::isModuleSystemInited (13 bytes)
Event: 0.726 Thread 0x000001c8332bba50 nmethod 675 0x000001c83abbc710 code [0x000001c83abbc8a0, 0x000001c83abbca58]
Event: 0.734 Thread 0x000001c8332bba50  679       3       jdk.internal.util.jar.JarIndex::get (49 bytes)
Event: 0.734 Thread 0x000001c8332bba50 nmethod 679 0x000001c83abbcb10 code [0x000001c83abbcd40, 0x000001c83abbd628]
Event: 0.734 Thread 0x000001c8332bba50  681   !   3       jdk.internal.loader.URLClassPath$JarLoader::getResource (354 bytes)
Event: 0.737 Thread 0x000001c8332bba50 nmethod 681 0x000001c83abbd910 code [0x000001c83abbdda0, 0x000001c83abbfd78]
Event: 0.737 Thread 0x000001c8332bba50  683       3       java.util.WeakHashMap::put (160 bytes)
Event: 0.738 Thread 0x000001c8332bba50 nmethod 683 0x000001c83abc1010 code [0x000001c83abc12a0, 0x000001c83abc2268]
Event: 0.738 Thread 0x000001c8332bba50  684       3       java.util.WeakHashMap$Entry::<init> (24 bytes)

GC Heap History (0 events):
No events

Deoptimization events (20 events):
Event: 0.544 Thread 0x000001c8331e5ae0 Uncommon trap: trap_request=0xffffffde fr.pc=0x000001c842589210 relative=0x0000000000000f10
Event: 0.544 Thread 0x000001c8331e5ae0 Uncommon trap: reason=class_check action=maybe_recompile pc=0x000001c842589210 method=java.util.HashMap.putVal(ILjava/lang/Object;Ljava/lang/Object;ZZ)Ljava/lang/Object; @ 203 c2
Event: 0.544 Thread 0x000001c8331e5ae0 DEOPT PACKING pc=0x000001c842589210 sp=0x0000007dad2f9a70
Event: 0.544 Thread 0x000001c8331e5ae0 DEOPT UNPACKING pc=0x000001c8420123a3 sp=0x0000007dad2f9a00 mode 2
Event: 0.546 Thread 0x000001c8331e5ae0 Uncommon trap: trap_request=0xffffffde fr.pc=0x000001c842589210 relative=0x0000000000000f10
Event: 0.547 Thread 0x000001c8331e5ae0 Uncommon trap: reason=class_check action=maybe_recompile pc=0x000001c842589210 method=java.util.HashMap.putVal(ILjava/lang/Object;Ljava/lang/Object;ZZ)Ljava/lang/Object; @ 203 c2
Event: 0.547 Thread 0x000001c8331e5ae0 DEOPT PACKING pc=0x000001c842589210 sp=0x0000007dad2f9a70
Event: 0.547 Thread 0x000001c8331e5ae0 DEOPT UNPACKING pc=0x000001c8420123a3 sp=0x0000007dad2f9a00 mode 2
Event: 0.701 Thread 0x000001c8331e5ae0 Uncommon trap: trap_request=0xffffff45 fr.pc=0x000001c84258d7d8 relative=0x0000000000000418
Event: 0.701 Thread 0x000001c8331e5ae0 Uncommon trap: reason=unstable_if action=reinterpret pc=0x000001c84258d7d8 method=java.util.zip.ZipCoder$UTF8ZipCoder.checkedHash([BII)I @ 27 c2
Event: 0.701 Thread 0x000001c8331e5ae0 DEOPT PACKING pc=0x000001c84258d7d8 sp=0x0000007dad2fb6d0
Event: 0.701 Thread 0x000001c8331e5ae0 DEOPT UNPACKING pc=0x000001c8420123a3 sp=0x0000007dad2fb598 mode 2
Event: 0.701 Thread 0x000001c8331e5ae0 Uncommon trap: trap_request=0xffffff45 fr.pc=0x000001c84256923c relative=0x00000000000001bc
Event: 0.701 Thread 0x000001c8331e5ae0 Uncommon trap: reason=unstable_if action=reinterpret pc=0x000001c84256923c method=java.lang.String.hashCode()I @ 20 c2
Event: 0.701 Thread 0x000001c8331e5ae0 DEOPT PACKING pc=0x000001c84256923c sp=0x0000007dad2fb4d0
Event: 0.701 Thread 0x000001c8331e5ae0 DEOPT UNPACKING pc=0x000001c8420123a3 sp=0x0000007dad2fb460 mode 2
Event: 0.701 Thread 0x000001c8331e5ae0 Uncommon trap: trap_request=0xffffff45 fr.pc=0x000001c84258e598 relative=0x0000000000000178
Event: 0.701 Thread 0x000001c8331e5ae0 Uncommon trap: reason=unstable_if action=reinterpret pc=0x000001c84258e598 method=java.util.zip.ZipFile$Source.isMetaName([BII)Z @ 57 c2
Event: 0.701 Thread 0x000001c8331e5ae0 DEOPT PACKING pc=0x000001c84258e598 sp=0x0000007dad2fb6e0
Event: 0.701 Thread 0x000001c8331e5ae0 DEOPT UNPACKING pc=0x000001c8420123a3 sp=0x0000007dad2fb670 mode 2

Classes unloaded (0 events):
No events

Classes redefined (0 events):
No events

Internal exceptions (1 events):
Event: 0.237 Thread 0x000001c8331e5ae0 Exception <a 'java/lang/NoSuchMethodError'{0x00000000ffc7b750}: 'int java.lang.invoke.DirectMethodHandle$Holder.invokeStaticInit(java.lang.Object, java.lang.Object)'> (0x00000000ffc7b750) 
thrown [s\open\src\hotspot\share\interpreter\linkResolver.cpp, line 759]

VM Operations (2 events):
Event: 0.126 Executing VM operation: HandshakeAllThreads
Event: 0.126 Executing VM operation: HandshakeAllThreads done

Events (20 events):
Event: 0.573 loading class java/lang/NoSuchFieldError
Event: 0.574 loading class java/lang/NoSuchFieldError done
Event: 0.575 loading class java/util/concurrent/LinkedBlockingQueue
Event: 0.576 loading class java/util/concurrent/BlockingQueue
Event: 0.576 loading class java/util/concurrent/BlockingQueue done
Event: 0.576 loading class java/util/AbstractQueue
Event: 0.576 loading class java/util/AbstractQueue done
Event: 0.576 loading class java/util/concurrent/LinkedBlockingQueue done
Event: 0.576 loading class java/util/concurrent/locks/AbstractQueuedSynchronizer$ConditionObject
Event: 0.577 loading class java/util/concurrent/locks/Condition
Event: 0.577 loading class java/util/concurrent/locks/Condition done
Event: 0.577 loading class java/util/concurrent/locks/AbstractQueuedSynchronizer$ConditionObject done
Event: 0.577 loading class java/util/concurrent/LinkedBlockingQueue$Node
Event: 0.577 loading class java/util/concurrent/LinkedBlockingQueue$Node done
Event: 0.578 loading class java/lang/SecurityException
Event: 0.578 loading class java/lang/SecurityException done
Event: 0.580 loading class java/net/URLClassLoader$3
Event: 0.581 loading class java/net/URLClassLoader$3 done
Event: 0.581 loading class java/net/URLClassLoader$3$1
Event: 0.581 loading class java/net/URLClassLoader$3$1 done


Dynamic libraries:
0x00007ff747940000 - 0x00007ff747950000 	C:\Program Files\Java\jdk-17\bin\java.exe
0x00007ffe34600000 - 0x00007ffe34809000 	C:\WINDOWS\SYSTEM32\ntdll.dll
0x00007ffe329e0000 - 0x00007ffe32a9d000 	C:\WINDOWS\System32\KERNEL32.DLL
0x00007ffe31b60000 - 0x00007ffe31ee4000 	C:\WINDOWS\System32\KERNELBASE.dll
0x00007ffe32010000 - 0x00007ffe32121000 	C:\WINDOWS\System32\ucrtbase.dll
0x00007ffe03fc0000 - 0x00007ffe03fd9000 	C:\Program Files\Java\jdk-17\bin\jli.dll
0x00007ffdee610000 - 0x00007ffdee62b000 	C:\Program Files\Java\jdk-17\bin\VCRUNTIME140.dll
0x00007ffe32450000 - 0x00007ffe324fe000 	C:\WINDOWS\System32\ADVAPI32.dll
0x00007ffe33960000 - 0x00007ffe33a03000 	C:\WINDOWS\System32\msvcrt.dll
0x00007ffe32500000 - 0x00007ffe3259e000 	C:\WINDOWS\System32\sechost.dll
0x00007ffe32ac0000 - 0x00007ffe32be1000 	C:\WINDOWS\System32\RPCRT4.dll
0x00007ffe325b0000 - 0x00007ffe3275d000 	C:\WINDOWS\System32\USER32.dll
0x00007ffe31a90000 - 0x00007ffe31ab6000 	C:\WINDOWS\System32\win32u.dll
0x00007ffe20bc0000 - 0x00007ffe20e65000 	C:\WINDOWS\WinSxS\amd64_microsoft.windows.common-controls_6595b64144ccf1df_6.0.22000.120_none_9d947278b86cc467\COMCTL32.dll
0x00007ffe34060000 - 0x00007ffe3408a000 	C:\WINDOWS\System32\GDI32.dll
0x00007ffe31ef0000 - 0x00007ffe3200e000 	C:\WINDOWS\System32\gdi32full.dll
0x00007ffe31ac0000 - 0x00007ffe31b5d000 	C:\WINDOWS\System32\msvcp_win.dll
0x00007ffe27780000 - 0x00007ffe2778a000 	C:\WINDOWS\SYSTEM32\VERSION.dll
0x00007ffe33ca0000 - 0x00007ffe33cd1000 	C:\WINDOWS\System32\IMM32.DLL
0x00007ffe04e90000 - 0x00007ffe04e9c000 	C:\Program Files\Java\jdk-17\bin\vcruntime140_1.dll
0x00007ffdeb6c0000 - 0x00007ffdeb74e000 	C:\Program Files\Java\jdk-17\bin\msvcp140.dll
0x00007ffdde4e0000 - 0x00007ffddf0c1000 	C:\Program Files\Java\jdk-17\bin\server\jvm.dll
0x00007ffe329d0000 - 0x00007ffe329d8000 	C:\WINDOWS\System32\PSAPI.DLL
0x00007ffe18e40000 - 0x00007ffe18e49000 	C:\WINDOWS\SYSTEM32\WSOCK32.dll
0x00007ffe32760000 - 0x00007ffe327cf000 	C:\WINDOWS\System32\WS2_32.dll
0x00007ffe2b630000 - 0x00007ffe2b663000 	C:\WINDOWS\SYSTEM32\WINMM.dll
0x00007ffe30b70000 - 0x00007ffe30b88000 	C:\WINDOWS\SYSTEM32\kernel.appcore.dll
0x00007ffe03df0000 - 0x00007ffe03dfa000 	C:\Program Files\Java\jdk-17\bin\jimage.dll
0x00007ffe2f1f0000 - 0x00007ffe2f411000 	C:\WINDOWS\SYSTEM32\DBGHELP.DLL
0x00007ffe19c30000 - 0x00007ffe19c61000 	C:\WINDOWS\SYSTEM32\dbgcore.DLL
0x00007ffe322a0000 - 0x00007ffe3231f000 	C:\WINDOWS\System32\bcryptPrimitives.dll
0x00007ffdebc60000 - 0x00007ffdebc85000 	C:\Program Files\Java\jdk-17\bin\java.dll
0x00007ffdeb5e0000 - 0x00007ffdeb6b7000 	C:\Program Files\Java\jdk-17\bin\jsvml.dll
0x00007ffe33180000 - 0x00007ffe33945000 	C:\WINDOWS\System32\SHELL32.dll
0x00007ffe2fb30000 - 0x00007ffe30392000 	C:\WINDOWS\SYSTEM32\windows.storage.dll
0x00007ffe33ce0000 - 0x00007ffe34056000 	C:\WINDOWS\System32\combase.dll
0x00007ffe2f9c0000 - 0x00007ffe2fb27000 	C:\WINDOWS\SYSTEM32\wintypes.dll
0x00007ffe32bf0000 - 0x00007ffe32cda000 	C:\WINDOWS\System32\SHCORE.dll
0x00007ffe344d0000 - 0x00007ffe3452d000 	C:\WINDOWS\System32\shlwapi.dll
0x00007ffe319c0000 - 0x00007ffe319e5000 	C:\WINDOWS\SYSTEM32\profapi.dll
0x00007ffdebc40000 - 0x00007ffdebc59000 	C:\Program Files\Java\jdk-17\bin\net.dll
0x00007ffe2c550000 - 0x00007ffe2c664000 	C:\WINDOWS\SYSTEM32\WINHTTP.dll
0x00007ffe31020000 - 0x00007ffe31087000 	C:\WINDOWS\system32\mswsock.dll
0x00007ffdeb5c0000 - 0x00007ffdeb5d6000 	C:\Program Files\Java\jdk-17\bin\nio.dll
0x00007ffdeb5a0000 - 0x00007ffdeb5b8000 	C:\Program Files\Java\jdk-17\bin\zip.dll
0x00007ffe2d940000 - 0x00007ffe2d950000 	C:\Program Files\Java\jdk-17\bin\verify.dll

dbghelp: loaded successfully - version: 4.0.5 - missing functions: none
symbol engine: initialized successfully - sym options: 0x614 - pdb path: .;C:\Program Files\Java\jdk-17\bin;C:\WINDOWS\SYSTEM32;C:\WINDOWS\WinSxS\amd64_microsoft.windows.common-controls_6595b64144ccf1df_6.0.22000.120_none_9d947278b86cc467;C:\Program Files\Java\jdk-17\bin\server

VM Arguments:
jvm_args: -Xmx64m -Xms64m -Dorg.gradle.appname=gradlew 
java_command: org.gradle.wrapper.GradleWrapperMain app:installDebug -PreactNativeDevServerPort=8081
java_class_path (initial): C:\Users\Aman Kulshreshtha\OneDrive\Documents\Aman_projects_react\Holiday_Assignment\Holiday_Assignment\android\\gradle\wrapper\gradle-wrapper.jar
Launcher Type: SUN_STANDARD

[Global flags]
     intx CICompilerCount                          = 4                                         {product} {ergonomic}
     uint ConcGCThreads                            = 3                                         {product} {ergonomic}
     uint G1ConcRefinementThreads                  = 10                                        {product} {ergonomic}
   size_t G1HeapRegionSize                         = 1048576                                   {product} {ergonomic}
    uintx GCDrainStackTargetSize                   = 64                                        {product} {ergonomic}
   size_t InitialHeapSize                          = 67108864                                  {product} {command line}
   size_t MarkStackSize                            = 4194304                                   {product} {ergonomic}
   size_t MaxHeapSize                              = 67108864                                  {product} {command line}
   size_t MaxNewSize                               = 39845888                                  {product} {ergonomic}
   size_t MinHeapDeltaBytes                        = 1048576                                   {product} {ergonomic}
   size_t MinHeapSize                              = 67108864                                  {product} {command line}
    uintx NonNMethodCodeHeapSize                   = 5839372                                {pd product} {ergonomic}
    uintx NonProfiledCodeHeapSize                  = 122909434                              {pd product} {ergonomic}
    uintx ProfiledCodeHeapSize                     = 122909434                              {pd product} {ergonomic}
    uintx ReservedCodeCacheSize                    = 251658240                              {pd product} {ergonomic}
     bool SegmentedCodeCache                       = true                                      {product} {ergonomic}
   size_t SoftMaxHeapSize                          = 67108864                               {manageable} {ergonomic}
     bool UseCompressedClassPointers               = true                           {product lp64_product} {ergonomic}
     bool UseCompressedOops                        = true                           {product lp64_product} {ergonomic}
     bool UseG1GC                                  = true                                      {product} {ergonomic}
     bool UseLargePagesIndividualAllocation        = false                                  {pd product} {ergonomic}

Logging:
Log output configuration:
 #0: stdout all=warning uptime,level,tags
 #1: stderr all=off uptime,level,tags

Environment Variables:
JAVA_HOME=C:\Program Files\Java\jdk-17
CLASSPATH=C:\Users\Aman Kulshreshtha\OneDrive\Documents\Aman_projects_react\Holiday_Assignment\Holiday_Assignment\android\\gradle\wrapper\gradle-wrapper.jar
PATH=C:\Users\Aman Kulshreshtha\OneDrive\Documents\Aman_projects_react\Holiday_Assignment\holiday_Assignment\node_modules\.bin;C:\Users\Aman Kulshreshtha\OneDrive\Documents\Aman_projects_react\Holiday_Assignment\holiday_Assignment\node_modules\.bin;C:\Users\Aman Kulshreshtha\OneDrive\Documents\Aman_projects_react\Holiday_Assignment\node_modules\.bin;C:\Users\Aman Kulshreshtha\OneDrive\Documents\Aman_projects_react\node_modules\.bin;C:\Users\Aman Kulshreshtha\OneDrive\Documents\node_modules\.bin;C:\Users\Aman Kulshreshtha\OneDrive\node_modules\.bin;C:\Users\Aman Kulshreshtha\node_modules\.bin;C:\Users\node_modules\.bin;C:\node_modules\.bin;C:\Program Files\nodejs\node_modules\npm\node_modules\@npmcli\run-script\lib\node-gyp-bin;C:\Users\Aman Kulshreshtha\OneDrive\Documents\Aman_projects_react\Holiday_Assignment\holiday_Assignment\node_modules\.bin;C:\Users\Aman Kulshreshtha\OneDrive\Documents\Aman_projects_react\Holiday_Assignment\node_modules\.bin;C:\Users\Aman Kulshreshtha\OneDrive\Documents\Aman_projects_react\node_modules\.bin;C:\Users\Aman Kulshreshtha\OneDrive\Documents\node_modules\.bin;C:\Users\Aman Kulshreshtha\OneDrive\node_modules\.bin;C:\Users\Aman Kulshreshtha\node_modules\.bin;C:\Users\node_modules\.bin;C:\node_modules\.bin;C:\Program Files\nodejs\node_modules\npm\node_modules\@npmcli\run-script\lib\node-gyp-bin;C:\Program Files\Common Files\Oracle\Java\javapath;C:\WINDOWS\system32;C:\WINDOWS;C:\WINDOWS\System32\Wbem;C:\WINDOWS\System32\WindowsPowerShell\v1.0\;C:\WINDOWS\System32\OpenSSH\;C:\Hadoop\hadoop-3.3.1\bin;C:\Users\Aman Kulshreshtha\Downloads\mysql-8.0.31-winx64\mysql-8.0.31-winx64\bin;C:\Users\Aman Kulshreshtha\Downloads\mysql-connector-j-8.0.31\mysql-connector-j-8.0.31;C:\Users\Aman Kulshreshtha\AppData\Roaming\Microsoft\Windows\Start Menu\Programs\System Tools;C:\Program Files\Git\cmd;C:\Program Files\MySQL\MySQL Server 8.0\bin;C:\Users\Aman Kulshreshtha\AppData\Local\Android\Sdk;C:\Users\Aman Kulshreshtha\AppData\Local\Android\Sdk\platform-too
USERNAME=Aman Kulshreshtha
LANG=en_US.UTF-8
OS=Windows_NT
PROCESSOR_IDENTIFIER=AMD64 Family 23 Model 104 Stepping 1, AuthenticAMD



---------------  S Y S T E M  ---------------

OS:
 Windows 11 , 64 bit Build 22000 (10.0.22000.2538)
OS uptime: 6 days 3:07 hours
Hyper-V role detected

CPU: total 12 (initial active 12) (12 cores per cpu, 2 threads per core) family 23 model 104 stepping 1 microcode 0x0, cx8, cmov, fxsr, ht, mmx, 3dnowpref, sse, sse2, sse3, ssse3, sse4a, sse4.1, sse4.2, popcnt, lzcnt, tsc, tscinvbit, avx, avx2, aes, clmul, bmi1, bmi2, adx, sha, fma, vzeroupper, clflush, clflushopt, hv

Memory: 4k page, system-wide physical 7577M (498M free)
TotalPageFile size 31129M (AvailPageFile size 0M)
current process WorkingSet (physical memory assigned to process): 66M, peak: 66M
current process commit charge ("private bytes"): 158M, peak: 158M

vm_info: Java HotSpot(TM) 64-Bit Server VM (17.0.9+11-LTS-201) for windows-amd64 JRE (17.0.9+11-LTS-201), built on Oct 10 2023 23:16:06 by "mach5one" with MS VC++ 17.1 (VS2022)

END.
